<?xml version="1.0" encoding="UTF-8"?>
<!-- Generated by org.testng.reporters.JUnitReportReporter -->
<testsuite hostname="DESKTOP-I4C85HF" name="com.training.sanity.tests.ELearningLoginELTC_002" tests="1" failures="0" timestamp="23 Oct 2019 17:26:18 GMT" time="30.650" errors="0">
  <testcase name="validLoginTest" time="30.650" classname="com.training.sanity.tests.ELearningLoginELTC_002"/>
</testsuite> <!-- com.training.sanity.tests.ELearningLoginELTC_002 -->
