<?xml version="1.0" encoding="UTF-8"?>
<!-- Generated by org.testng.reporters.JUnitReportReporter -->
<testsuite hostname="DESKTOP-I4C85HF" name="com.training.sanity.tests.ELearningChangePasswordELTC_003" tests="1" failures="0" timestamp="23 Oct 2019 17:39:08 GMT" time="32.282" errors="0">
  <testcase name="validLoginTest" time="32.282" classname="com.training.sanity.tests.ELearningChangePasswordELTC_003"/>
</testsuite> <!-- com.training.sanity.tests.ELearningChangePasswordELTC_003 -->
