<?xml version="1.0" encoding="UTF-8"?>
<!-- Generated by org.testng.reporters.JUnitReportReporter -->
<testsuite hostname="DESKTOP-I4C85HF" name="com.training.sanity.tests.ELearningRegistrationELTC_001" tests="1" failures="0" timestamp="23 Oct 2019 12:28:57 GMT" time="18.079" errors="0">
  <testcase name="validRegistrationTest" time="18.079" classname="com.training.sanity.tests.ELearningRegistrationELTC_001"/>
</testsuite> <!-- com.training.sanity.tests.ELearningRegistrationELTC_001 -->
